CRITICAL - 2022-05-09 19:53:20 --> Class 'App\Models\Sistema_model' not found
#0 C:\xampp\htdocs\proyec1\system\CodeIgniter.php(809): App\Controllers\C_sistema->__construct()
#1 C:\xampp\htdocs\proyec1\system\CodeIgniter.php(410): CodeIgniter\CodeIgniter->createController()
#2 C:\xampp\htdocs\proyec1\system\CodeIgniter.php(326): CodeIgniter\CodeIgniter->handleRequest(NULL, Object(Config\Cache), false)
#3 C:\xampp\htdocs\proyec1\index.php(37): CodeIgniter\CodeIgniter->run()
#4 {main}
CRITICAL - 2022-05-09 19:56:46 --> Class 'App\Models\Sistema_model' not found
#0 C:\xampp\htdocs\proyec1\system\CodeIgniter.php(809): App\Controllers\C_sistema->__construct()
#1 C:\xampp\htdocs\proyec1\system\CodeIgniter.php(410): CodeIgniter\CodeIgniter->createController()
#2 C:\xampp\htdocs\proyec1\system\CodeIgniter.php(326): CodeIgniter\CodeIgniter->handleRequest(NULL, Object(Config\Cache), false)
#3 C:\xampp\htdocs\proyec1\index.php(37): CodeIgniter\CodeIgniter->run()
#4 {main}
CRITICAL - 2022-05-09 19:57:00 --> Class 'App\Models\Sistema_model' not found
#0 C:\xampp\htdocs\proyec1\system\CodeIgniter.php(809): App\Controllers\C_sistema->__construct()
#1 C:\xampp\htdocs\proyec1\system\CodeIgniter.php(410): CodeIgniter\CodeIgniter->createController()
#2 C:\xampp\htdocs\proyec1\system\CodeIgniter.php(326): CodeIgniter\CodeIgniter->handleRequest(NULL, Object(Config\Cache), false)
#3 C:\xampp\htdocs\proyec1\index.php(37): CodeIgniter\CodeIgniter->run()
#4 {main}
CRITICAL - 2022-05-09 19:59:39 --> Class 'App\Models\Sistema_model' not found
#0 C:\xampp\htdocs\proyec1\system\CodeIgniter.php(809): App\Controllers\C_sistema->__construct()
#1 C:\xampp\htdocs\proyec1\system\CodeIgniter.php(410): CodeIgniter\CodeIgniter->createController()
#2 C:\xampp\htdocs\proyec1\system\CodeIgniter.php(326): CodeIgniter\CodeIgniter->handleRequest(NULL, Object(Config\Cache), false)
#3 C:\xampp\htdocs\proyec1\index.php(37): CodeIgniter\CodeIgniter->run()
#4 {main}
CRITICAL - 2022-05-09 19:59:59 --> Class 'App\Models\Sistema_model' not found
#0 C:\xampp\htdocs\proyec1\system\CodeIgniter.php(809): App\Controllers\C_sistema->__construct()
#1 C:\xampp\htdocs\proyec1\system\CodeIgniter.php(410): CodeIgniter\CodeIgniter->createController()
#2 C:\xampp\htdocs\proyec1\system\CodeIgniter.php(326): CodeIgniter\CodeIgniter->handleRequest(NULL, Object(Config\Cache), false)
#3 C:\xampp\htdocs\proyec1\index.php(37): CodeIgniter\CodeIgniter->run()
#4 {main}
CRITICAL - 2022-05-09 20:01:47 --> Class 'App\Models\Sistema_model' not found
#0 C:\xampp\htdocs\proyec1\system\CodeIgniter.php(809): App\Controllers\C_sistema->__construct()
#1 C:\xampp\htdocs\proyec1\system\CodeIgniter.php(410): CodeIgniter\CodeIgniter->createController()
#2 C:\xampp\htdocs\proyec1\system\CodeIgniter.php(326): CodeIgniter\CodeIgniter->handleRequest(NULL, Object(Config\Cache), false)
#3 C:\xampp\htdocs\proyec1\index.php(37): CodeIgniter\CodeIgniter->run()
#4 {main}
CRITICAL - 2022-05-09 20:01:50 --> Class 'App\Models\Sistema_model' not found
#0 C:\xampp\htdocs\proyec1\system\CodeIgniter.php(809): App\Controllers\C_sistema->__construct()
#1 C:\xampp\htdocs\proyec1\system\CodeIgniter.php(410): CodeIgniter\CodeIgniter->createController()
#2 C:\xampp\htdocs\proyec1\system\CodeIgniter.php(326): CodeIgniter\CodeIgniter->handleRequest(NULL, Object(Config\Cache), false)
#3 C:\xampp\htdocs\proyec1\index.php(37): CodeIgniter\CodeIgniter->run()
#4 {main}
CRITICAL - 2022-05-09 20:02:22 --> Class 'App\Models\Sistema_model' not found
#0 C:\xampp\htdocs\proyec1\system\CodeIgniter.php(809): App\Controllers\C_sistema->__construct()
#1 C:\xampp\htdocs\proyec1\system\CodeIgniter.php(410): CodeIgniter\CodeIgniter->createController()
#2 C:\xampp\htdocs\proyec1\system\CodeIgniter.php(326): CodeIgniter\CodeIgniter->handleRequest(NULL, Object(Config\Cache), false)
#3 C:\xampp\htdocs\proyec1\index.php(37): CodeIgniter\CodeIgniter->run()
#4 {main}
CRITICAL - 2022-05-09 20:09:10 --> You must set the database table to be used with your query.
#0 C:\xampp\htdocs\proyec1\system\Model.php(545): CodeIgniter\Database\BaseConnection->table(NULL)
#1 C:\xampp\htdocs\proyec1\system\Model.php(722): CodeIgniter\Model->builder()
#2 C:\xampp\htdocs\proyec1\app\Controllers\C_sistema.php(120): CodeIgniter\Model->__call('form_acceder', Array)
#3 C:\xampp\htdocs\proyec1\system\CodeIgniter.php(832): App\Controllers\C_sistema->sesion()
#4 C:\xampp\htdocs\proyec1\system\CodeIgniter.php(419): CodeIgniter\CodeIgniter->runController(Object(App\Controllers\C_sistema))
#5 C:\xampp\htdocs\proyec1\system\CodeIgniter.php(326): CodeIgniter\CodeIgniter->handleRequest(NULL, Object(Config\Cache), false)
#6 C:\xampp\htdocs\proyec1\index.php(37): CodeIgniter\CodeIgniter->run()
#7 {main}
CRITICAL - 2022-05-09 20:13:54 --> You must set the database table to be used with your query.
#0 C:\xampp\htdocs\proyec1\system\Model.php(545): CodeIgniter\Database\BaseConnection->table(NULL)
#1 C:\xampp\htdocs\proyec1\system\Model.php(722): CodeIgniter\Model->builder()
#2 C:\xampp\htdocs\proyec1\app\Controllers\C_sistema.php(120): CodeIgniter\Model->__call('form_acceder', Array)
#3 C:\xampp\htdocs\proyec1\system\CodeIgniter.php(832): App\Controllers\C_sistema->sesion()
#4 C:\xampp\htdocs\proyec1\system\CodeIgniter.php(419): CodeIgniter\CodeIgniter->runController(Object(App\Controllers\C_sistema))
#5 C:\xampp\htdocs\proyec1\system\CodeIgniter.php(326): CodeIgniter\CodeIgniter->handleRequest(NULL, Object(Config\Cache), false)
#6 C:\xampp\htdocs\proyec1\index.php(37): CodeIgniter\CodeIgniter->run()
#7 {main}
ERROR - 2022-05-09 20:35:37 --> Error connecting to the database: Access denied for user ''@'localhost' (using password: NO)
CRITICAL - 2022-05-09 20:35:37 --> Unable to connect to the database.
Main connection [MySQLi]: Access denied for user ''@'localhost' (using password: NO)
#0 C:\xampp\htdocs\proyec1\system\Database\BaseConnection.php(577): CodeIgniter\Database\BaseConnection->initialize()
#1 C:\xampp\htdocs\proyec1\system\Database\BaseBuilder.php(1455): CodeIgniter\Database\BaseConnection->query('SELECT *\nFROM `...', Array, false)
#2 C:\xampp\htdocs\proyec1\app\Models\Sistema_model.php(184): CodeIgniter\Database\BaseBuilder->get()
#3 C:\xampp\htdocs\proyec1\app\Controllers\C_sistema.php(120): App\Models\Sistema_model->form_sesion(Array)
#4 C:\xampp\htdocs\proyec1\system\CodeIgniter.php(832): App\Controllers\C_sistema->sesion()
#5 C:\xampp\htdocs\proyec1\system\CodeIgniter.php(419): CodeIgniter\CodeIgniter->runController(Object(App\Controllers\C_sistema))
#6 C:\xampp\htdocs\proyec1\system\CodeIgniter.php(326): CodeIgniter\CodeIgniter->handleRequest(NULL, Object(Config\Cache), false)
#7 C:\xampp\htdocs\proyec1\index.php(37): CodeIgniter\CodeIgniter->run()
#8 {main}
CRITICAL - 2022-05-09 20:35:37 --> Uncaught ErrorException: print_r(): Property access is not allowed yet in C:\xampp\htdocs\proyec1\app\Views\errors\html\error_exception.php:96
Stack trace:
#0 [internal function]: CodeIgniter\Debug\Exceptions->errorHandler(2, 'print_r(): Prop...', 'C:\\xampp\\htdocs...', 96, Array)
#1 C:\xampp\htdocs\proyec1\app\Views\errors\html\error_exception.php(96): print_r(Object(App\Controllers\C_sistema), true)
#2 C:\xampp\htdocs\proyec1\system\Debug\Exceptions.php(234): include('C:\\xampp\\htdocs...')
#3 C:\xampp\htdocs\proyec1\system\Debug\Exceptions.php(237): CodeIgniter\Debug\Exceptions->CodeIgniter\Debug\{closure}()
#4 C:\xampp\htdocs\proyec1\system\Debug\Exceptions.php(121): CodeIgniter\Debug\Exceptions->render(Object(CodeIgniter\Database\Exceptions\DatabaseException), 500)
#5 [internal function]: CodeIgniter\Debug\Exceptions->exceptionHandler(Object(CodeIgniter\Database\Exceptions\DatabaseException))
#6 {main}
  thrown
#0 [internal function]: CodeIgniter\Debug\Exceptions->shutdownHandler()
#1 {main}
