CRITICAL - 2022-05-17 09:11:10 --> Call to undefined function form_open()
#0 C:\xampp\htdocs\proyec1\system\View\View.php(210): include()
#1 C:\xampp\htdocs\proyec1\system\View\View.php(213): CodeIgniter\View\View->CodeIgniter\View\{closure}()
#2 C:\xampp\htdocs\proyec1\system\Common.php(1089): CodeIgniter\View\View->render('front/registrar...', Array, true)
#3 C:\xampp\htdocs\proyec1\app\Controllers\Home.php(63): view('front/registrar...')
#4 C:\xampp\htdocs\proyec1\system\CodeIgniter.php(832): App\Controllers\Home->registrarse()
#5 C:\xampp\htdocs\proyec1\system\CodeIgniter.php(419): CodeIgniter\CodeIgniter->runController(Object(App\Controllers\Home))
#6 C:\xampp\htdocs\proyec1\system\CodeIgniter.php(326): CodeIgniter\CodeIgniter->handleRequest(NULL, Object(Config\Cache), false)
#7 C:\xampp\htdocs\proyec1\index.php(37): CodeIgniter\CodeIgniter->run()
#8 {main}
CRITICAL - 2022-05-17 09:11:27 --> Call to undefined function form_open()
#0 C:\xampp\htdocs\proyec1\system\View\View.php(210): include()
#1 C:\xampp\htdocs\proyec1\system\View\View.php(213): CodeIgniter\View\View->CodeIgniter\View\{closure}()
#2 C:\xampp\htdocs\proyec1\system\Common.php(1089): CodeIgniter\View\View->render('front/registrar...', Array, true)
#3 C:\xampp\htdocs\proyec1\app\Controllers\Home.php(63): view('front/registrar...')
#4 C:\xampp\htdocs\proyec1\system\CodeIgniter.php(832): App\Controllers\Home->registrarse()
#5 C:\xampp\htdocs\proyec1\system\CodeIgniter.php(419): CodeIgniter\CodeIgniter->runController(Object(App\Controllers\Home))
#6 C:\xampp\htdocs\proyec1\system\CodeIgniter.php(326): CodeIgniter\CodeIgniter->handleRequest(NULL, Object(Config\Cache), false)
#7 C:\xampp\htdocs\proyec1\index.php(37): CodeIgniter\CodeIgniter->run()
#8 {main}
CRITICAL - 2022-05-17 09:18:17 --> Call to undefined function form_open()
#0 C:\xampp\htdocs\proyec1\system\View\View.php(210): include()
#1 C:\xampp\htdocs\proyec1\system\View\View.php(213): CodeIgniter\View\View->CodeIgniter\View\{closure}()
#2 C:\xampp\htdocs\proyec1\system\Common.php(1089): CodeIgniter\View\View->render('front/registrar...', Array, true)
#3 C:\xampp\htdocs\proyec1\app\Controllers\Home.php(63): view('front/registrar...')
#4 C:\xampp\htdocs\proyec1\system\CodeIgniter.php(832): App\Controllers\Home->registrarse()
#5 C:\xampp\htdocs\proyec1\system\CodeIgniter.php(419): CodeIgniter\CodeIgniter->runController(Object(App\Controllers\Home))
#6 C:\xampp\htdocs\proyec1\system\CodeIgniter.php(326): CodeIgniter\CodeIgniter->handleRequest(NULL, Object(Config\Cache), false)
#7 C:\xampp\htdocs\proyec1\index.php(37): CodeIgniter\CodeIgniter->run()
#8 {main}
CRITICAL - 2022-05-17 09:18:20 --> Call to undefined function form_open()
#0 C:\xampp\htdocs\proyec1\system\View\View.php(210): include()
#1 C:\xampp\htdocs\proyec1\system\View\View.php(213): CodeIgniter\View\View->CodeIgniter\View\{closure}()
#2 C:\xampp\htdocs\proyec1\system\Common.php(1089): CodeIgniter\View\View->render('front/registrar...', Array, true)
#3 C:\xampp\htdocs\proyec1\app\Controllers\Home.php(63): view('front/registrar...')
#4 C:\xampp\htdocs\proyec1\system\CodeIgniter.php(832): App\Controllers\Home->registrarse()
#5 C:\xampp\htdocs\proyec1\system\CodeIgniter.php(419): CodeIgniter\CodeIgniter->runController(Object(App\Controllers\Home))
#6 C:\xampp\htdocs\proyec1\system\CodeIgniter.php(326): CodeIgniter\CodeIgniter->handleRequest(NULL, Object(Config\Cache), false)
#7 C:\xampp\htdocs\proyec1\index.php(37): CodeIgniter\CodeIgniter->run()
#8 {main}
CRITICAL - 2022-05-17 09:18:20 --> Call to undefined function form_open()
#0 C:\xampp\htdocs\proyec1\system\View\View.php(210): include()
#1 C:\xampp\htdocs\proyec1\system\View\View.php(213): CodeIgniter\View\View->CodeIgniter\View\{closure}()
#2 C:\xampp\htdocs\proyec1\system\Common.php(1089): CodeIgniter\View\View->render('front/registrar...', Array, true)
#3 C:\xampp\htdocs\proyec1\app\Controllers\Home.php(63): view('front/registrar...')
#4 C:\xampp\htdocs\proyec1\system\CodeIgniter.php(832): App\Controllers\Home->registrarse()
#5 C:\xampp\htdocs\proyec1\system\CodeIgniter.php(419): CodeIgniter\CodeIgniter->runController(Object(App\Controllers\Home))
#6 C:\xampp\htdocs\proyec1\system\CodeIgniter.php(326): CodeIgniter\CodeIgniter->handleRequest(NULL, Object(Config\Cache), false)
#7 C:\xampp\htdocs\proyec1\index.php(37): CodeIgniter\CodeIgniter->run()
#8 {main}
CRITICAL - 2022-05-17 09:23:35 --> Call to undefined function form_open()
#0 C:\xampp\htdocs\proyec1\system\View\View.php(210): include()
#1 C:\xampp\htdocs\proyec1\system\View\View.php(213): CodeIgniter\View\View->CodeIgniter\View\{closure}()
#2 C:\xampp\htdocs\proyec1\system\Common.php(1089): CodeIgniter\View\View->render('front/registrar...', Array, true)
#3 C:\xampp\htdocs\proyec1\app\Controllers\Home.php(63): view('front/registrar...')
#4 C:\xampp\htdocs\proyec1\system\CodeIgniter.php(832): App\Controllers\Home->registrarse()
#5 C:\xampp\htdocs\proyec1\system\CodeIgniter.php(419): CodeIgniter\CodeIgniter->runController(Object(App\Controllers\Home))
#6 C:\xampp\htdocs\proyec1\system\CodeIgniter.php(326): CodeIgniter\CodeIgniter->handleRequest(NULL, Object(Config\Cache), false)
#7 C:\xampp\htdocs\proyec1\index.php(37): CodeIgniter\CodeIgniter->run()
#8 {main}
CRITICAL - 2022-05-17 09:23:38 --> Call to undefined function form_open()
#0 C:\xampp\htdocs\proyec1\system\View\View.php(210): include()
#1 C:\xampp\htdocs\proyec1\system\View\View.php(213): CodeIgniter\View\View->CodeIgniter\View\{closure}()
#2 C:\xampp\htdocs\proyec1\system\Common.php(1089): CodeIgniter\View\View->render('front/registrar...', Array, true)
#3 C:\xampp\htdocs\proyec1\app\Controllers\Home.php(63): view('front/registrar...')
#4 C:\xampp\htdocs\proyec1\system\CodeIgniter.php(832): App\Controllers\Home->registrarse()
#5 C:\xampp\htdocs\proyec1\system\CodeIgniter.php(419): CodeIgniter\CodeIgniter->runController(Object(App\Controllers\Home))
#6 C:\xampp\htdocs\proyec1\system\CodeIgniter.php(326): CodeIgniter\CodeIgniter->handleRequest(NULL, Object(Config\Cache), false)
#7 C:\xampp\htdocs\proyec1\index.php(37): CodeIgniter\CodeIgniter->run()
#8 {main}
CRITICAL - 2022-05-17 09:23:47 --> Call to undefined function form_open()
#0 C:\xampp\htdocs\proyec1\system\View\View.php(210): include()
#1 C:\xampp\htdocs\proyec1\system\View\View.php(213): CodeIgniter\View\View->CodeIgniter\View\{closure}()
#2 C:\xampp\htdocs\proyec1\system\Common.php(1089): CodeIgniter\View\View->render('front/registrar...', Array, true)
#3 C:\xampp\htdocs\proyec1\app\Controllers\Home.php(63): view('front/registrar...')
#4 C:\xampp\htdocs\proyec1\system\CodeIgniter.php(832): App\Controllers\Home->registrarse()
#5 C:\xampp\htdocs\proyec1\system\CodeIgniter.php(419): CodeIgniter\CodeIgniter->runController(Object(App\Controllers\Home))
#6 C:\xampp\htdocs\proyec1\system\CodeIgniter.php(326): CodeIgniter\CodeIgniter->handleRequest(NULL, Object(Config\Cache), false)
#7 C:\xampp\htdocs\proyec1\index.php(37): CodeIgniter\CodeIgniter->run()
#8 {main}
CRITICAL - 2022-05-17 09:45:21 --> Call to undefined function form_open()
#0 C:\xampp\htdocs\proyec1\system\View\View.php(210): include()
#1 C:\xampp\htdocs\proyec1\system\View\View.php(213): CodeIgniter\View\View->CodeIgniter\View\{closure}()
#2 C:\xampp\htdocs\proyec1\system\Common.php(1089): CodeIgniter\View\View->render('front/registrar...', Array, true)
#3 C:\xampp\htdocs\proyec1\app\Controllers\Home.php(63): view('front/registrar...')
#4 C:\xampp\htdocs\proyec1\system\CodeIgniter.php(832): App\Controllers\Home->registrarse()
#5 C:\xampp\htdocs\proyec1\system\CodeIgniter.php(419): CodeIgniter\CodeIgniter->runController(Object(App\Controllers\Home))
#6 C:\xampp\htdocs\proyec1\system\CodeIgniter.php(326): CodeIgniter\CodeIgniter->handleRequest(NULL, Object(Config\Cache), false)
#7 C:\xampp\htdocs\proyec1\index.php(37): CodeIgniter\CodeIgniter->run()
#8 {main}
