ERROR - 2024-05-17 14:19:47 --> Cannot add or update a child row: a foreign key constraint fails (`baez_a`.`usuarios`, CONSTRAINT `usuarios_ibfk_1` FOREIGN KEY (`perfil_id`) REFERENCES `perfiles` (`id_perfiles`))
CRITICAL - 2024-05-17 14:19:47 --> Cannot add or update a child row: a foreign key constraint fails (`baez_a`.`usuarios`, CONSTRAINT `usuarios_ibfk_1` FOREIGN KEY (`perfil_id`) REFERENCES `perfiles` (`id_perfiles`))
#0 C:\xampp\htdocs\proyec1\system\Database\MySQLi\Connection.php(292): mysqli->query('INSERT INTO `us...', 0)
#1 C:\xampp\htdocs\proyec1\system\Database\BaseConnection.php(670): CodeIgniter\Database\MySQLi\Connection->execute('INSERT INTO `us...')
#2 C:\xampp\htdocs\proyec1\system\Database\BaseConnection.php(598): CodeIgniter\Database\BaseConnection->simpleQuery('INSERT INTO `us...')
#3 C:\xampp\htdocs\proyec1\system\Database\BaseBuilder.php(1771): CodeIgniter\Database\BaseConnection->query('INSERT INTO `us...', Array, false)
#4 C:\xampp\htdocs\proyec1\system\Model.php(239): CodeIgniter\Database\BaseBuilder->insert()
#5 C:\xampp\htdocs\proyec1\system\BaseModel.php(738): CodeIgniter\Model->doInsert(Array)
#6 C:\xampp\htdocs\proyec1\system\Model.php(625): CodeIgniter\BaseModel->insert(Array, false)
#7 C:\xampp\htdocs\proyec1\system\BaseModel.php(658): CodeIgniter\Model->insert(Array, false)
#8 C:\xampp\htdocs\proyec1\app\Controllers\usuario_controller.php(47): CodeIgniter\BaseModel->save(Array)
#9 C:\xampp\htdocs\proyec1\system\CodeIgniter.php(832): App\Controllers\usuario_controller->formValidation()
#10 C:\xampp\htdocs\proyec1\system\CodeIgniter.php(419): CodeIgniter\CodeIgniter->runController(Object(App\Controllers\usuario_controller))
#11 C:\xampp\htdocs\proyec1\system\CodeIgniter.php(326): CodeIgniter\CodeIgniter->handleRequest(NULL, Object(Config\Cache), false)
#12 C:\xampp\htdocs\proyec1\index.php(37): CodeIgniter\CodeIgniter->run()
#13 {main}
ERROR - 2024-05-17 14:23:20 --> Cannot add or update a child row: a foreign key constraint fails (`baez_a`.`usuarios`, CONSTRAINT `usuarios_ibfk_1` FOREIGN KEY (`id_perfil`) REFERENCES `perfiles` (`id_perfil`))
CRITICAL - 2024-05-17 14:23:20 --> Cannot add or update a child row: a foreign key constraint fails (`baez_a`.`usuarios`, CONSTRAINT `usuarios_ibfk_1` FOREIGN KEY (`id_perfil`) REFERENCES `perfiles` (`id_perfil`))
#0 C:\xampp\htdocs\proyec1\system\Database\MySQLi\Connection.php(292): mysqli->query('INSERT INTO `us...', 0)
#1 C:\xampp\htdocs\proyec1\system\Database\BaseConnection.php(670): CodeIgniter\Database\MySQLi\Connection->execute('INSERT INTO `us...')
#2 C:\xampp\htdocs\proyec1\system\Database\BaseConnection.php(598): CodeIgniter\Database\BaseConnection->simpleQuery('INSERT INTO `us...')
#3 C:\xampp\htdocs\proyec1\system\Database\BaseBuilder.php(1771): CodeIgniter\Database\BaseConnection->query('INSERT INTO `us...', Array, false)
#4 C:\xampp\htdocs\proyec1\system\Model.php(239): CodeIgniter\Database\BaseBuilder->insert()
#5 C:\xampp\htdocs\proyec1\system\BaseModel.php(738): CodeIgniter\Model->doInsert(Array)
#6 C:\xampp\htdocs\proyec1\system\Model.php(625): CodeIgniter\BaseModel->insert(Array, false)
#7 C:\xampp\htdocs\proyec1\system\BaseModel.php(658): CodeIgniter\Model->insert(Array, false)
#8 C:\xampp\htdocs\proyec1\app\Controllers\usuario_controller.php(47): CodeIgniter\BaseModel->save(Array)
#9 C:\xampp\htdocs\proyec1\system\CodeIgniter.php(832): App\Controllers\usuario_controller->formValidation()
#10 C:\xampp\htdocs\proyec1\system\CodeIgniter.php(419): CodeIgniter\CodeIgniter->runController(Object(App\Controllers\usuario_controller))
#11 C:\xampp\htdocs\proyec1\system\CodeIgniter.php(326): CodeIgniter\CodeIgniter->handleRequest(NULL, Object(Config\Cache), false)
#12 C:\xampp\htdocs\proyec1\index.php(37): CodeIgniter\CodeIgniter->run()
#13 {main}
ERROR - 2024-05-17 14:28:06 --> Cannot add or update a child row: a foreign key constraint fails (`baez_a`.`usuarios`, CONSTRAINT `usuarios_ibfk_1` FOREIGN KEY (`id_perfil`) REFERENCES `perfiles` (`id_perfil`))
CRITICAL - 2024-05-17 14:28:06 --> Cannot add or update a child row: a foreign key constraint fails (`baez_a`.`usuarios`, CONSTRAINT `usuarios_ibfk_1` FOREIGN KEY (`id_perfil`) REFERENCES `perfiles` (`id_perfil`))
#0 C:\xampp\htdocs\proyec1\system\Database\MySQLi\Connection.php(292): mysqli->query('INSERT INTO `us...', 0)
#1 C:\xampp\htdocs\proyec1\system\Database\BaseConnection.php(670): CodeIgniter\Database\MySQLi\Connection->execute('INSERT INTO `us...')
#2 C:\xampp\htdocs\proyec1\system\Database\BaseConnection.php(598): CodeIgniter\Database\BaseConnection->simpleQuery('INSERT INTO `us...')
#3 C:\xampp\htdocs\proyec1\system\Database\BaseBuilder.php(1771): CodeIgniter\Database\BaseConnection->query('INSERT INTO `us...', Array, false)
#4 C:\xampp\htdocs\proyec1\system\Model.php(239): CodeIgniter\Database\BaseBuilder->insert()
#5 C:\xampp\htdocs\proyec1\system\BaseModel.php(738): CodeIgniter\Model->doInsert(Array)
#6 C:\xampp\htdocs\proyec1\system\Model.php(625): CodeIgniter\BaseModel->insert(Array, false)
#7 C:\xampp\htdocs\proyec1\system\BaseModel.php(658): CodeIgniter\Model->insert(Array, false)
#8 C:\xampp\htdocs\proyec1\app\Controllers\usuario_controller.php(47): CodeIgniter\BaseModel->save(Array)
#9 C:\xampp\htdocs\proyec1\system\CodeIgniter.php(832): App\Controllers\usuario_controller->formValidation()
#10 C:\xampp\htdocs\proyec1\system\CodeIgniter.php(419): CodeIgniter\CodeIgniter->runController(Object(App\Controllers\usuario_controller))
#11 C:\xampp\htdocs\proyec1\system\CodeIgniter.php(326): CodeIgniter\CodeIgniter->handleRequest(NULL, Object(Config\Cache), false)
#12 C:\xampp\htdocs\proyec1\index.php(37): CodeIgniter\CodeIgniter->run()
#13 {main}
