CRITICAL - 2022-05-30 23:21:37 --> Class 'App\Models\Usuarios_model' not found
#0 C:\xampp\htdocs\proyec1\system\CodeIgniter.php(832): App\Controllers\usuario->formValidation()
#1 C:\xampp\htdocs\proyec1\system\CodeIgniter.php(419): CodeIgniter\CodeIgniter->runController(Object(App\Controllers\usuario))
#2 C:\xampp\htdocs\proyec1\system\CodeIgniter.php(326): CodeIgniter\CodeIgniter->handleRequest(NULL, Object(Config\Cache), false)
#3 C:\xampp\htdocs\proyec1\index.php(37): CodeIgniter\CodeIgniter->run()
#4 {main}
CRITICAL - 2022-05-30 23:26:45 --> Class 'App\Models\Usuarios_model' not found
#0 C:\xampp\htdocs\proyec1\system\CodeIgniter.php(832): App\Controllers\usuario->formValidation()
#1 C:\xampp\htdocs\proyec1\system\CodeIgniter.php(419): CodeIgniter\CodeIgniter->runController(Object(App\Controllers\usuario))
#2 C:\xampp\htdocs\proyec1\system\CodeIgniter.php(326): CodeIgniter\CodeIgniter->handleRequest(NULL, Object(Config\Cache), false)
#3 C:\xampp\htdocs\proyec1\index.php(37): CodeIgniter\CodeIgniter->run()
#4 {main}
CRITICAL - 2022-05-30 23:28:49 --> Class 'App\Controllers\Usuario_model' not found
#0 C:\xampp\htdocs\proyec1\system\CodeIgniter.php(832): App\Controllers\usuario->formValidation()
#1 C:\xampp\htdocs\proyec1\system\CodeIgniter.php(419): CodeIgniter\CodeIgniter->runController(Object(App\Controllers\usuario))
#2 C:\xampp\htdocs\proyec1\system\CodeIgniter.php(326): CodeIgniter\CodeIgniter->handleRequest(NULL, Object(Config\Cache), false)
#3 C:\xampp\htdocs\proyec1\index.php(37): CodeIgniter\CodeIgniter->run()
#4 {main}
CRITICAL - 2022-05-30 23:30:47 --> Class 'App\Controllers\Usuario_model' not found
#0 C:\xampp\htdocs\proyec1\system\CodeIgniter.php(832): App\Controllers\usuario->formValidation()
#1 C:\xampp\htdocs\proyec1\system\CodeIgniter.php(419): CodeIgniter\CodeIgniter->runController(Object(App\Controllers\usuario))
#2 C:\xampp\htdocs\proyec1\system\CodeIgniter.php(326): CodeIgniter\CodeIgniter->handleRequest(NULL, Object(Config\Cache), false)
#3 C:\xampp\htdocs\proyec1\index.php(37): CodeIgniter\CodeIgniter->run()
#4 {main}
CRITICAL - 2022-05-30 23:33:26 --> Class 'App\Controllers\Usuario_model' not found
#0 C:\xampp\htdocs\proyec1\system\CodeIgniter.php(832): App\Controllers\usuario->formValidation()
#1 C:\xampp\htdocs\proyec1\system\CodeIgniter.php(419): CodeIgniter\CodeIgniter->runController(Object(App\Controllers\usuario))
#2 C:\xampp\htdocs\proyec1\system\CodeIgniter.php(326): CodeIgniter\CodeIgniter->handleRequest(NULL, Object(Config\Cache), false)
#3 C:\xampp\htdocs\proyec1\index.php(37): CodeIgniter\CodeIgniter->run()
#4 {main}
CRITICAL - 2022-05-30 23:35:32 --> Class 'App\Controllers\Usuario_model' not found
#0 C:\xampp\htdocs\proyec1\system\CodeIgniter.php(832): App\Controllers\usuario->formValidation()
#1 C:\xampp\htdocs\proyec1\system\CodeIgniter.php(419): CodeIgniter\CodeIgniter->runController(Object(App\Controllers\usuario))
#2 C:\xampp\htdocs\proyec1\system\CodeIgniter.php(326): CodeIgniter\CodeIgniter->handleRequest(NULL, Object(Config\Cache), false)
#3 C:\xampp\htdocs\proyec1\index.php(37): CodeIgniter\CodeIgniter->run()
#4 {main}
