CRITICAL - 2022-04-08 11:32:45 --> Invalid file: principal.php
#0 C:\xampp\htdocs\marce2\system\View\View.php(198): CodeIgniter\Exceptions\FrameworkException::forInvalidFile('principal.php')
#1 C:\xampp\htdocs\marce2\system\Common.php(1089): CodeIgniter\View\View->render('principal', Array, true)
#2 C:\xampp\htdocs\marce2\app\Controllers\Home.php(9): view('principal')
#3 C:\xampp\htdocs\marce2\system\CodeIgniter.php(832): App\Controllers\Home->index()
#4 C:\xampp\htdocs\marce2\system\CodeIgniter.php(419): CodeIgniter\CodeIgniter->runController(Object(App\Controllers\Home))
#5 C:\xampp\htdocs\marce2\system\CodeIgniter.php(326): CodeIgniter\CodeIgniter->handleRequest(NULL, Object(Config\Cache), false)
#6 C:\xampp\htdocs\marce2\public\index.php(37): CodeIgniter\CodeIgniter->run()
#7 {main}
CRITICAL - 2022-04-08 11:41:42 --> Invalid file: principal.php
#0 C:\xampp\htdocs\marce2\system\View\View.php(198): CodeIgniter\Exceptions\FrameworkException::forInvalidFile('principal.php')
#1 C:\xampp\htdocs\marce2\system\Common.php(1089): CodeIgniter\View\View->render('principal', Array, true)
#2 C:\xampp\htdocs\marce2\app\Controllers\Home.php(9): view('principal')
#3 C:\xampp\htdocs\marce2\system\CodeIgniter.php(832): App\Controllers\Home->index()
#4 C:\xampp\htdocs\marce2\system\CodeIgniter.php(419): CodeIgniter\CodeIgniter->runController(Object(App\Controllers\Home))
#5 C:\xampp\htdocs\marce2\system\CodeIgniter.php(326): CodeIgniter\CodeIgniter->handleRequest(NULL, Object(Config\Cache), false)
#6 C:\xampp\htdocs\marce2\public\index.php(37): CodeIgniter\CodeIgniter->run()
#7 {main}
CRITICAL - 2022-04-08 11:46:14 --> Invalid file: principal2.php
#0 C:\xampp\htdocs\marce2\system\View\View.php(198): CodeIgniter\Exceptions\FrameworkException::forInvalidFile('principal2.php')
#1 C:\xampp\htdocs\marce2\system\Common.php(1089): CodeIgniter\View\View->render('principal2', Array, true)
#2 C:\xampp\htdocs\marce2\app\Controllers\Home.php(9): view('principal2')
#3 C:\xampp\htdocs\marce2\system\CodeIgniter.php(832): App\Controllers\Home->index()
#4 C:\xampp\htdocs\marce2\system\CodeIgniter.php(419): CodeIgniter\CodeIgniter->runController(Object(App\Controllers\Home))
#5 C:\xampp\htdocs\marce2\system\CodeIgniter.php(326): CodeIgniter\CodeIgniter->handleRequest(NULL, Object(Config\Cache), false)
#6 C:\xampp\htdocs\marce2\public\index.php(37): CodeIgniter\CodeIgniter->run()
#7 {main}
CRITICAL - 2022-04-08 11:48:17 --> Invalid file: principal2.php
#0 C:\xampp\htdocs\marce2\system\View\View.php(198): CodeIgniter\Exceptions\FrameworkException::forInvalidFile('principal2.php')
#1 C:\xampp\htdocs\marce2\system\Common.php(1089): CodeIgniter\View\View->render('principal2', Array, true)
#2 C:\xampp\htdocs\marce2\app\Controllers\Home.php(9): view('principal2')
#3 C:\xampp\htdocs\marce2\system\CodeIgniter.php(832): App\Controllers\Home->index()
#4 C:\xampp\htdocs\marce2\system\CodeIgniter.php(419): CodeIgniter\CodeIgniter->runController(Object(App\Controllers\Home))
#5 C:\xampp\htdocs\marce2\system\CodeIgniter.php(326): CodeIgniter\CodeIgniter->handleRequest(NULL, Object(Config\Cache), false)
#6 C:\xampp\htdocs\marce2\public\index.php(37): CodeIgniter\CodeIgniter->run()
#7 {main}
CRITICAL - 2022-04-08 11:48:27 --> Invalid file: principal2.php
#0 C:\xampp\htdocs\marce2\system\View\View.php(198): CodeIgniter\Exceptions\FrameworkException::forInvalidFile('principal2.php')
#1 C:\xampp\htdocs\marce2\system\Common.php(1089): CodeIgniter\View\View->render('principal2', Array, true)
#2 C:\xampp\htdocs\marce2\app\Controllers\Home.php(9): view('principal2')
#3 C:\xampp\htdocs\marce2\system\CodeIgniter.php(832): App\Controllers\Home->index()
#4 C:\xampp\htdocs\marce2\system\CodeIgniter.php(419): CodeIgniter\CodeIgniter->runController(Object(App\Controllers\Home))
#5 C:\xampp\htdocs\marce2\system\CodeIgniter.php(326): CodeIgniter\CodeIgniter->handleRequest(NULL, Object(Config\Cache), false)
#6 C:\xampp\htdocs\marce2\public\index.php(37): CodeIgniter\CodeIgniter->run()
#7 {main}
CRITICAL - 2022-04-08 11:50:09 --> Invalid file: principal2.php
#0 C:\xampp\htdocs\marce2\system\View\View.php(198): CodeIgniter\Exceptions\FrameworkException::forInvalidFile('principal2.php')
#1 C:\xampp\htdocs\marce2\system\Common.php(1089): CodeIgniter\View\View->render('principal2', Array, true)
#2 C:\xampp\htdocs\marce2\app\Controllers\Home.php(9): view('principal2')
#3 C:\xampp\htdocs\marce2\system\CodeIgniter.php(832): App\Controllers\Home->index()
#4 C:\xampp\htdocs\marce2\system\CodeIgniter.php(419): CodeIgniter\CodeIgniter->runController(Object(App\Controllers\Home))
#5 C:\xampp\htdocs\marce2\system\CodeIgniter.php(326): CodeIgniter\CodeIgniter->handleRequest(NULL, Object(Config\Cache), false)
#6 C:\xampp\htdocs\marce2\public\index.php(37): CodeIgniter\CodeIgniter->run()
#7 {main}
CRITICAL - 2022-04-08 13:04:56 --> Invalid file: tables.html
#0 C:\xampp\htdocs\marce2\system\View\View.php(198): CodeIgniter\Exceptions\FrameworkException::forInvalidFile('tables.html')
#1 C:\xampp\htdocs\marce2\system\Common.php(1089): CodeIgniter\View\View->render('tables.html', Array, true)
#2 C:\xampp\htdocs\marce2\app\Controllers\Home.php(9): view('tables.html')
#3 C:\xampp\htdocs\marce2\system\CodeIgniter.php(832): App\Controllers\Home->index()
#4 C:\xampp\htdocs\marce2\system\CodeIgniter.php(419): CodeIgniter\CodeIgniter->runController(Object(App\Controllers\Home))
#5 C:\xampp\htdocs\marce2\system\CodeIgniter.php(326): CodeIgniter\CodeIgniter->handleRequest(NULL, Object(Config\Cache), false)
#6 C:\xampp\htdocs\marce2\public\index.php(37): CodeIgniter\CodeIgniter->run()
#7 {main}
CRITICAL - 2022-04-08 13:05:01 --> Invalid file: tables.html
#0 C:\xampp\htdocs\marce2\system\View\View.php(198): CodeIgniter\Exceptions\FrameworkException::forInvalidFile('tables.html')
#1 C:\xampp\htdocs\marce2\system\Common.php(1089): CodeIgniter\View\View->render('tables.html', Array, true)
#2 C:\xampp\htdocs\marce2\app\Controllers\Home.php(9): view('tables.html')
#3 C:\xampp\htdocs\marce2\system\CodeIgniter.php(832): App\Controllers\Home->index()
#4 C:\xampp\htdocs\marce2\system\CodeIgniter.php(419): CodeIgniter\CodeIgniter->runController(Object(App\Controllers\Home))
#5 C:\xampp\htdocs\marce2\system\CodeIgniter.php(326): CodeIgniter\CodeIgniter->handleRequest(NULL, Object(Config\Cache), false)
#6 C:\xampp\htdocs\marce2\public\index.php(37): CodeIgniter\CodeIgniter->run()
#7 {main}
CRITICAL - 2022-04-08 13:07:13 --> Invalid file: tables.html
#0 C:\xampp\htdocs\marce2\system\View\View.php(198): CodeIgniter\Exceptions\FrameworkException::forInvalidFile('tables.html')
#1 C:\xampp\htdocs\marce2\system\Common.php(1089): CodeIgniter\View\View->render('tables.html', Array, true)
#2 C:\xampp\htdocs\marce2\app\Controllers\Home.php(9): view('tables.html')
#3 C:\xampp\htdocs\marce2\system\CodeIgniter.php(832): App\Controllers\Home->index()
#4 C:\xampp\htdocs\marce2\system\CodeIgniter.php(419): CodeIgniter\CodeIgniter->runController(Object(App\Controllers\Home))
#5 C:\xampp\htdocs\marce2\system\CodeIgniter.php(326): CodeIgniter\CodeIgniter->handleRequest(NULL, Object(Config\Cache), false)
#6 C:\xampp\htdocs\marce2\public\index.php(37): CodeIgniter\CodeIgniter->run()
#7 {main}
CRITICAL - 2022-04-08 13:07:17 --> Invalid file: tables.html
#0 C:\xampp\htdocs\marce2\system\View\View.php(198): CodeIgniter\Exceptions\FrameworkException::forInvalidFile('tables.html')
#1 C:\xampp\htdocs\marce2\system\Common.php(1089): CodeIgniter\View\View->render('tables.html', Array, true)
#2 C:\xampp\htdocs\marce2\app\Controllers\Home.php(9): view('tables.html')
#3 C:\xampp\htdocs\marce2\system\CodeIgniter.php(832): App\Controllers\Home->index()
#4 C:\xampp\htdocs\marce2\system\CodeIgniter.php(419): CodeIgniter\CodeIgniter->runController(Object(App\Controllers\Home))
#5 C:\xampp\htdocs\marce2\system\CodeIgniter.php(326): CodeIgniter\CodeIgniter->handleRequest(NULL, Object(Config\Cache), false)
#6 C:\xampp\htdocs\marce2\public\index.php(37): CodeIgniter\CodeIgniter->run()
#7 {main}
CRITICAL - 2022-04-08 13:09:43 --> Invalid file: tables.html
#0 C:\xampp\htdocs\marce2\system\View\View.php(198): CodeIgniter\Exceptions\FrameworkException::forInvalidFile('tables.html')
#1 C:\xampp\htdocs\marce2\system\Common.php(1089): CodeIgniter\View\View->render('tables.html', Array, true)
#2 C:\xampp\htdocs\marce2\app\Controllers\Home.php(9): view('tables.html')
#3 C:\xampp\htdocs\marce2\system\CodeIgniter.php(832): App\Controllers\Home->index()
#4 C:\xampp\htdocs\marce2\system\CodeIgniter.php(419): CodeIgniter\CodeIgniter->runController(Object(App\Controllers\Home))
#5 C:\xampp\htdocs\marce2\system\CodeIgniter.php(326): CodeIgniter\CodeIgniter->handleRequest(NULL, Object(Config\Cache), false)
#6 C:\xampp\htdocs\marce2\public\index.php(37): CodeIgniter\CodeIgniter->run()
#7 {main}
CRITICAL - 2022-04-08 13:13:23 --> syntax error, unexpected '('
#0 C:\xampp\htdocs\marce2\system\Autoloader\Autoloader.php(241): CodeIgniter\Autoloader\Autoloader->includeFile('C:\\xampp\\htdocs...')
#1 C:\xampp\htdocs\marce2\system\Autoloader\Autoloader.php(219): CodeIgniter\Autoloader\Autoloader->loadInNamespace('App\\Controllers...')
#2 [internal function]: CodeIgniter\Autoloader\Autoloader->loadClass('App\\Controllers...')
#3 [internal function]: spl_autoload_call('App\\Controllers...')
#4 C:\xampp\htdocs\marce2\system\CodeIgniter.php(797): class_exists('\\App\\Controller...', true)
#5 C:\xampp\htdocs\marce2\system\CodeIgniter.php(406): CodeIgniter\CodeIgniter->startController()
#6 C:\xampp\htdocs\marce2\system\CodeIgniter.php(326): CodeIgniter\CodeIgniter->handleRequest(NULL, Object(Config\Cache), false)
#7 C:\xampp\htdocs\marce2\public\index.php(37): CodeIgniter\CodeIgniter->run()
#8 {main}
CRITICAL - 2022-04-08 13:15:40 --> syntax error, unexpected '('
#0 C:\xampp\htdocs\marce2\system\Autoloader\Autoloader.php(241): CodeIgniter\Autoloader\Autoloader->includeFile('C:\\xampp\\htdocs...')
#1 C:\xampp\htdocs\marce2\system\Autoloader\Autoloader.php(219): CodeIgniter\Autoloader\Autoloader->loadInNamespace('App\\Controllers...')
#2 [internal function]: CodeIgniter\Autoloader\Autoloader->loadClass('App\\Controllers...')
#3 [internal function]: spl_autoload_call('App\\Controllers...')
#4 C:\xampp\htdocs\marce2\system\CodeIgniter.php(797): class_exists('\\App\\Controller...', true)
#5 C:\xampp\htdocs\marce2\system\CodeIgniter.php(406): CodeIgniter\CodeIgniter->startController()
#6 C:\xampp\htdocs\marce2\system\CodeIgniter.php(326): CodeIgniter\CodeIgniter->handleRequest(NULL, Object(Config\Cache), false)
#7 C:\xampp\htdocs\marce2\public\index.php(37): CodeIgniter\CodeIgniter->run()
#8 {main}
CRITICAL - 2022-04-08 13:17:07 --> Invalid file: view/tables.php
#0 C:\xampp\htdocs\marce2\system\View\View.php(198): CodeIgniter\Exceptions\FrameworkException::forInvalidFile('view/tables.php')
#1 C:\xampp\htdocs\marce2\system\Common.php(1089): CodeIgniter\View\View->render('view/tables', Array, true)
#2 C:\xampp\htdocs\marce2\app\Controllers\Home.php(9): view('view/tables')
#3 C:\xampp\htdocs\marce2\system\CodeIgniter.php(832): App\Controllers\Home->index()
#4 C:\xampp\htdocs\marce2\system\CodeIgniter.php(419): CodeIgniter\CodeIgniter->runController(Object(App\Controllers\Home))
#5 C:\xampp\htdocs\marce2\system\CodeIgniter.php(326): CodeIgniter\CodeIgniter->handleRequest(NULL, Object(Config\Cache), false)
#6 C:\xampp\htdocs\marce2\public\index.php(37): CodeIgniter\CodeIgniter->run()
#7 {main}
CRITICAL - 2022-04-08 13:19:45 --> Invalid file: view/tables.php
#0 C:\xampp\htdocs\marce2\system\View\View.php(198): CodeIgniter\Exceptions\FrameworkException::forInvalidFile('view/tables.php')
#1 C:\xampp\htdocs\marce2\system\Common.php(1089): CodeIgniter\View\View->render('view/tables', Array, true)
#2 C:\xampp\htdocs\marce2\app\Controllers\Home.php(9): view('view/tables')
#3 C:\xampp\htdocs\marce2\system\CodeIgniter.php(832): App\Controllers\Home->index()
#4 C:\xampp\htdocs\marce2\system\CodeIgniter.php(419): CodeIgniter\CodeIgniter->runController(Object(App\Controllers\Home))
#5 C:\xampp\htdocs\marce2\system\CodeIgniter.php(326): CodeIgniter\CodeIgniter->handleRequest(NULL, Object(Config\Cache), false)
#6 C:\xampp\htdocs\marce2\public\index.php(37): CodeIgniter\CodeIgniter->run()
#7 {main}
CRITICAL - 2022-04-08 13:20:59 --> Undefined property: Config\App::$indexPage
#0 C:\xampp\htdocs\marce2\system\Helpers\url_helper.php(51): CodeIgniter\Debug\Exceptions->errorHandler(8, 'Undefined prope...', 'C:\\xampp\\htdocs...', 51, Array)
#1 C:\xampp\htdocs\marce2\system\Helpers\url_helper.php(133): _get_uri('/')
#2 C:\xampp\htdocs\marce2\system\Debug\Toolbar.php(78): current_url()
#3 C:\xampp\htdocs\marce2\system\Debug\Toolbar.php(368): CodeIgniter\Debug\Toolbar->run(1649442059.7289, 0.073, Object(CodeIgniter\HTTP\IncomingRequest), Object(CodeIgniter\HTTP\Response))
#4 C:\xampp\htdocs\marce2\system\Filters\DebugToolbar.php(40): CodeIgniter\Debug\Toolbar->prepare(Object(CodeIgniter\HTTP\IncomingRequest), Object(CodeIgniter\HTTP\Response))
#5 C:\xampp\htdocs\marce2\system\Filters\Filters.php(196): CodeIgniter\Filters\DebugToolbar->after(Object(CodeIgniter\HTTP\IncomingRequest), Object(CodeIgniter\HTTP\Response), NULL)
#6 C:\xampp\htdocs\marce2\system\CodeIgniter.php(436): CodeIgniter\Filters\Filters->run('/', 'after')
#7 C:\xampp\htdocs\marce2\system\CodeIgniter.php(326): CodeIgniter\CodeIgniter->handleRequest(NULL, Object(Config\Cache), false)
#8 C:\xampp\htdocs\marce2\public\index.php(37): CodeIgniter\CodeIgniter->run()
#9 {main}
CRITICAL - 2022-04-08 13:31:06 --> Undefined property: Config\App::$indexPage
#0 C:\xampp\htdocs\marce2\system\Helpers\url_helper.php(51): CodeIgniter\Debug\Exceptions->errorHandler(8, 'Undefined prope...', 'C:\\xampp\\htdocs...', 51, Array)
#1 C:\xampp\htdocs\marce2\system\Helpers\url_helper.php(133): _get_uri('/')
#2 C:\xampp\htdocs\marce2\system\Debug\Toolbar.php(78): current_url()
#3 C:\xampp\htdocs\marce2\system\Debug\Toolbar.php(368): CodeIgniter\Debug\Toolbar->run(1649442666.2859, 0.0748, Object(CodeIgniter\HTTP\IncomingRequest), Object(CodeIgniter\HTTP\Response))
#4 C:\xampp\htdocs\marce2\system\Filters\DebugToolbar.php(40): CodeIgniter\Debug\Toolbar->prepare(Object(CodeIgniter\HTTP\IncomingRequest), Object(CodeIgniter\HTTP\Response))
#5 C:\xampp\htdocs\marce2\system\Filters\Filters.php(196): CodeIgniter\Filters\DebugToolbar->after(Object(CodeIgniter\HTTP\IncomingRequest), Object(CodeIgniter\HTTP\Response), NULL)
#6 C:\xampp\htdocs\marce2\system\CodeIgniter.php(436): CodeIgniter\Filters\Filters->run('/', 'after')
#7 C:\xampp\htdocs\marce2\system\CodeIgniter.php(326): CodeIgniter\CodeIgniter->handleRequest(NULL, Object(Config\Cache), false)
#8 C:\xampp\htdocs\marce2\index.php(37): CodeIgniter\CodeIgniter->run()
#9 {main}
CRITICAL - 2022-04-08 13:42:06 --> Undefined property: Config\App::$indexPage
#0 C:\xampp\htdocs\marce2\system\Helpers\url_helper.php(51): CodeIgniter\Debug\Exceptions->errorHandler(8, 'Undefined prope...', 'C:\\xampp\\htdocs...', 51, Array)
#1 C:\xampp\htdocs\marce2\system\Helpers\url_helper.php(133): _get_uri('/')
#2 C:\xampp\htdocs\marce2\system\Debug\Toolbar.php(78): current_url()
#3 C:\xampp\htdocs\marce2\system\Debug\Toolbar.php(368): CodeIgniter\Debug\Toolbar->run(1649443326.6292, 0.0662, Object(CodeIgniter\HTTP\IncomingRequest), Object(CodeIgniter\HTTP\Response))
#4 C:\xampp\htdocs\marce2\system\Filters\DebugToolbar.php(40): CodeIgniter\Debug\Toolbar->prepare(Object(CodeIgniter\HTTP\IncomingRequest), Object(CodeIgniter\HTTP\Response))
#5 C:\xampp\htdocs\marce2\system\Filters\Filters.php(196): CodeIgniter\Filters\DebugToolbar->after(Object(CodeIgniter\HTTP\IncomingRequest), Object(CodeIgniter\HTTP\Response), NULL)
#6 C:\xampp\htdocs\marce2\system\CodeIgniter.php(436): CodeIgniter\Filters\Filters->run('/', 'after')
#7 C:\xampp\htdocs\marce2\system\CodeIgniter.php(326): CodeIgniter\CodeIgniter->handleRequest(NULL, Object(Config\Cache), false)
#8 C:\xampp\htdocs\marce2\index.php(37): CodeIgniter\CodeIgniter->run()
#9 {main}
CRITICAL - 2022-04-08 13:49:14 --> Undefined property: Config\App::$indexPage
#0 C:\xampp\htdocs\marce2\system\Helpers\url_helper.php(51): CodeIgniter\Debug\Exceptions->errorHandler(8, 'Undefined prope...', 'C:\\xampp\\htdocs...', 51, Array)
#1 C:\xampp\htdocs\marce2\system\Helpers\url_helper.php(133): _get_uri('tABLAS')
#2 C:\xampp\htdocs\marce2\system\Debug\Toolbar.php(78): current_url()
#3 C:\xampp\htdocs\marce2\system\Debug\Toolbar.php(368): CodeIgniter\Debug\Toolbar->run(1649443754.8675, 0.0709, Object(CodeIgniter\HTTP\IncomingRequest), Object(CodeIgniter\HTTP\Response))
#4 C:\xampp\htdocs\marce2\system\Filters\DebugToolbar.php(40): CodeIgniter\Debug\Toolbar->prepare(Object(CodeIgniter\HTTP\IncomingRequest), Object(CodeIgniter\HTTP\Response))
#5 C:\xampp\htdocs\marce2\system\Filters\Filters.php(196): CodeIgniter\Filters\DebugToolbar->after(Object(CodeIgniter\HTTP\IncomingRequest), Object(CodeIgniter\HTTP\Response), NULL)
#6 C:\xampp\htdocs\marce2\system\CodeIgniter.php(436): CodeIgniter\Filters\Filters->run('tABLAS', 'after')
#7 C:\xampp\htdocs\marce2\system\CodeIgniter.php(326): CodeIgniter\CodeIgniter->handleRequest(NULL, Object(Config\Cache), false)
#8 C:\xampp\htdocs\marce2\index.php(37): CodeIgniter\CodeIgniter->run()
#9 {main}
CRITICAL - 2022-04-08 13:49:32 --> Undefined property: Config\App::$indexPage
#0 C:\xampp\htdocs\marce2\system\Helpers\url_helper.php(51): CodeIgniter\Debug\Exceptions->errorHandler(8, 'Undefined prope...', 'C:\\xampp\\htdocs...', 51, Array)
#1 C:\xampp\htdocs\marce2\system\Helpers\url_helper.php(133): _get_uri('/')
#2 C:\xampp\htdocs\marce2\system\Debug\Toolbar.php(78): current_url()
#3 C:\xampp\htdocs\marce2\system\Debug\Toolbar.php(368): CodeIgniter\Debug\Toolbar->run(1649443772.4559, 0.0746, Object(CodeIgniter\HTTP\IncomingRequest), Object(CodeIgniter\HTTP\Response))
#4 C:\xampp\htdocs\marce2\system\Filters\DebugToolbar.php(40): CodeIgniter\Debug\Toolbar->prepare(Object(CodeIgniter\HTTP\IncomingRequest), Object(CodeIgniter\HTTP\Response))
#5 C:\xampp\htdocs\marce2\system\Filters\Filters.php(196): CodeIgniter\Filters\DebugToolbar->after(Object(CodeIgniter\HTTP\IncomingRequest), Object(CodeIgniter\HTTP\Response), NULL)
#6 C:\xampp\htdocs\marce2\system\CodeIgniter.php(436): CodeIgniter\Filters\Filters->run('/', 'after')
#7 C:\xampp\htdocs\marce2\system\CodeIgniter.php(326): CodeIgniter\CodeIgniter->handleRequest(NULL, Object(Config\Cache), false)
#8 C:\xampp\htdocs\marce2\index.php(37): CodeIgniter\CodeIgniter->run()
#9 {main}
CRITICAL - 2022-04-08 13:49:38 --> Undefined property: Config\App::$indexPage
#0 C:\xampp\htdocs\marce2\system\Helpers\url_helper.php(51): CodeIgniter\Debug\Exceptions->errorHandler(8, 'Undefined prope...', 'C:\\xampp\\htdocs...', 51, Array)
#1 C:\xampp\htdocs\marce2\system\Helpers\url_helper.php(133): _get_uri('/')
#2 C:\xampp\htdocs\marce2\system\Debug\Toolbar.php(78): current_url()
#3 C:\xampp\htdocs\marce2\system\Debug\Toolbar.php(368): CodeIgniter\Debug\Toolbar->run(1649443778.0589, 0.2156, Object(CodeIgniter\HTTP\IncomingRequest), Object(CodeIgniter\HTTP\Response))
#4 C:\xampp\htdocs\marce2\system\Filters\DebugToolbar.php(40): CodeIgniter\Debug\Toolbar->prepare(Object(CodeIgniter\HTTP\IncomingRequest), Object(CodeIgniter\HTTP\Response))
#5 C:\xampp\htdocs\marce2\system\Filters\Filters.php(196): CodeIgniter\Filters\DebugToolbar->after(Object(CodeIgniter\HTTP\IncomingRequest), Object(CodeIgniter\HTTP\Response), NULL)
#6 C:\xampp\htdocs\marce2\system\CodeIgniter.php(436): CodeIgniter\Filters\Filters->run('/', 'after')
#7 C:\xampp\htdocs\marce2\system\CodeIgniter.php(326): CodeIgniter\CodeIgniter->handleRequest(NULL, Object(Config\Cache), false)
#8 C:\xampp\htdocs\marce2\index.php(37): CodeIgniter\CodeIgniter->run()
#9 {main}
CRITICAL - 2022-04-08 13:50:02 --> Undefined property: Config\App::$indexPage
#0 C:\xampp\htdocs\marce2\system\Helpers\url_helper.php(51): CodeIgniter\Debug\Exceptions->errorHandler(8, 'Undefined prope...', 'C:\\xampp\\htdocs...', 51, Array)
#1 C:\xampp\htdocs\marce2\system\Helpers\url_helper.php(133): _get_uri('tablas')
#2 C:\xampp\htdocs\marce2\system\Debug\Toolbar.php(78): current_url()
#3 C:\xampp\htdocs\marce2\system\Debug\Toolbar.php(368): CodeIgniter\Debug\Toolbar->run(1649443802.5547, 0.0724, Object(CodeIgniter\HTTP\IncomingRequest), Object(CodeIgniter\HTTP\Response))
#4 C:\xampp\htdocs\marce2\system\Filters\DebugToolbar.php(40): CodeIgniter\Debug\Toolbar->prepare(Object(CodeIgniter\HTTP\IncomingRequest), Object(CodeIgniter\HTTP\Response))
#5 C:\xampp\htdocs\marce2\system\Filters\Filters.php(196): CodeIgniter\Filters\DebugToolbar->after(Object(CodeIgniter\HTTP\IncomingRequest), Object(CodeIgniter\HTTP\Response), NULL)
#6 C:\xampp\htdocs\marce2\system\CodeIgniter.php(436): CodeIgniter\Filters\Filters->run('tablas', 'after')
#7 C:\xampp\htdocs\marce2\system\CodeIgniter.php(326): CodeIgniter\CodeIgniter->handleRequest(NULL, Object(Config\Cache), false)
#8 C:\xampp\htdocs\marce2\index.php(37): CodeIgniter\CodeIgniter->run()
#9 {main}
CRITICAL - 2022-04-08 13:51:36 --> Undefined property: Config\App::$indexPage
#0 C:\xampp\htdocs\marce2\system\Helpers\url_helper.php(51): CodeIgniter\Debug\Exceptions->errorHandler(8, 'Undefined prope...', 'C:\\xampp\\htdocs...', 51, Array)
#1 C:\xampp\htdocs\marce2\system\Helpers\url_helper.php(133): _get_uri('/')
#2 C:\xampp\htdocs\marce2\system\Debug\Toolbar.php(78): current_url()
#3 C:\xampp\htdocs\marce2\system\Debug\Toolbar.php(368): CodeIgniter\Debug\Toolbar->run(1649443896.2136, 0.0787, Object(CodeIgniter\HTTP\IncomingRequest), Object(CodeIgniter\HTTP\Response))
#4 C:\xampp\htdocs\marce2\system\Filters\DebugToolbar.php(40): CodeIgniter\Debug\Toolbar->prepare(Object(CodeIgniter\HTTP\IncomingRequest), Object(CodeIgniter\HTTP\Response))
#5 C:\xampp\htdocs\marce2\system\Filters\Filters.php(196): CodeIgniter\Filters\DebugToolbar->after(Object(CodeIgniter\HTTP\IncomingRequest), Object(CodeIgniter\HTTP\Response), NULL)
#6 C:\xampp\htdocs\marce2\system\CodeIgniter.php(436): CodeIgniter\Filters\Filters->run('/', 'after')
#7 C:\xampp\htdocs\marce2\system\CodeIgniter.php(326): CodeIgniter\CodeIgniter->handleRequest(NULL, Object(Config\Cache), false)
#8 C:\xampp\htdocs\marce2\index.php(37): CodeIgniter\CodeIgniter->run()
#9 {main}
CRITICAL - 2022-04-08 13:53:07 --> Undefined property: Config\App::$indexPage
#0 C:\xampp\htdocs\marce2\system\Helpers\url_helper.php(51): CodeIgniter\Debug\Exceptions->errorHandler(8, 'Undefined prope...', 'C:\\xampp\\htdocs...', 51, Array)
#1 C:\xampp\htdocs\marce2\system\Helpers\url_helper.php(133): _get_uri('/')
#2 C:\xampp\htdocs\marce2\system\Debug\Toolbar.php(78): current_url()
#3 C:\xampp\htdocs\marce2\system\Debug\Toolbar.php(368): CodeIgniter\Debug\Toolbar->run(1649443987.8101, 0.0675, Object(CodeIgniter\HTTP\IncomingRequest), Object(CodeIgniter\HTTP\Response))
#4 C:\xampp\htdocs\marce2\system\Filters\DebugToolbar.php(40): CodeIgniter\Debug\Toolbar->prepare(Object(CodeIgniter\HTTP\IncomingRequest), Object(CodeIgniter\HTTP\Response))
#5 C:\xampp\htdocs\marce2\system\Filters\Filters.php(196): CodeIgniter\Filters\DebugToolbar->after(Object(CodeIgniter\HTTP\IncomingRequest), Object(CodeIgniter\HTTP\Response), NULL)
#6 C:\xampp\htdocs\marce2\system\CodeIgniter.php(436): CodeIgniter\Filters\Filters->run('/', 'after')
#7 C:\xampp\htdocs\marce2\system\CodeIgniter.php(326): CodeIgniter\CodeIgniter->handleRequest(NULL, Object(Config\Cache), false)
#8 C:\xampp\htdocs\marce2\index.php(37): CodeIgniter\CodeIgniter->run()
#9 {main}
CRITICAL - 2022-04-08 13:58:01 --> Invalid file: tables.php
#0 C:\xampp\htdocs\marce2\system\View\View.php(198): CodeIgniter\Exceptions\FrameworkException::forInvalidFile('tables.php')
#1 C:\xampp\htdocs\marce2\system\Common.php(1089): CodeIgniter\View\View->render('tables', Array, true)
#2 C:\xampp\htdocs\marce2\app\Controllers\Home.php(10): view('tables', Array)
#3 C:\xampp\htdocs\marce2\system\CodeIgniter.php(832): App\Controllers\Home->index()
#4 C:\xampp\htdocs\marce2\system\CodeIgniter.php(419): CodeIgniter\CodeIgniter->runController(Object(App\Controllers\Home))
#5 C:\xampp\htdocs\marce2\system\CodeIgniter.php(326): CodeIgniter\CodeIgniter->handleRequest(NULL, Object(Config\Cache), false)
#6 C:\xampp\htdocs\marce2\index.php(37): CodeIgniter\CodeIgniter->run()
#7 {main}
CRITICAL - 2022-04-08 13:59:18 --> Invalid file: marce07.php
#0 C:\xampp\htdocs\marce2\system\View\View.php(198): CodeIgniter\Exceptions\FrameworkException::forInvalidFile('marce07.php')
#1 C:\xampp\htdocs\marce2\system\Common.php(1089): CodeIgniter\View\View->render('marce07', Array, true)
#2 C:\xampp\htdocs\marce2\app\Controllers\Home.php(10): view('marce07', Array)
#3 C:\xampp\htdocs\marce2\system\CodeIgniter.php(832): App\Controllers\Home->index()
#4 C:\xampp\htdocs\marce2\system\CodeIgniter.php(419): CodeIgniter\CodeIgniter->runController(Object(App\Controllers\Home))
#5 C:\xampp\htdocs\marce2\system\CodeIgniter.php(326): CodeIgniter\CodeIgniter->handleRequest(NULL, Object(Config\Cache), false)
#6 C:\xampp\htdocs\marce2\index.php(37): CodeIgniter\CodeIgniter->run()
#7 {main}
CRITICAL - 2022-04-08 14:35:49 --> Invalid file: marce07.php
#0 C:\xampp\htdocs\marce2\system\View\View.php(198): CodeIgniter\Exceptions\FrameworkException::forInvalidFile('marce07.php')
#1 C:\xampp\htdocs\marce2\system\Common.php(1089): CodeIgniter\View\View->render('marce07', Array, true)
#2 C:\xampp\htdocs\marce2\app\Controllers\Home.php(10): view('marce07', Array)
#3 C:\xampp\htdocs\marce2\system\CodeIgniter.php(832): App\Controllers\Home->index()
#4 C:\xampp\htdocs\marce2\system\CodeIgniter.php(419): CodeIgniter\CodeIgniter->runController(Object(App\Controllers\Home))
#5 C:\xampp\htdocs\marce2\system\CodeIgniter.php(326): CodeIgniter\CodeIgniter->handleRequest(NULL, Object(Config\Cache), false)
#6 C:\xampp\htdocs\marce2\index.php(37): CodeIgniter\CodeIgniter->run()
#7 {main}
CRITICAL - 2022-04-08 14:35:52 --> Invalid file: marce07.php
#0 C:\xampp\htdocs\marce2\system\View\View.php(198): CodeIgniter\Exceptions\FrameworkException::forInvalidFile('marce07.php')
#1 C:\xampp\htdocs\marce2\system\Common.php(1089): CodeIgniter\View\View->render('marce07', Array, true)
#2 C:\xampp\htdocs\marce2\app\Controllers\Home.php(10): view('marce07', Array)
#3 C:\xampp\htdocs\marce2\system\CodeIgniter.php(832): App\Controllers\Home->index()
#4 C:\xampp\htdocs\marce2\system\CodeIgniter.php(419): CodeIgniter\CodeIgniter->runController(Object(App\Controllers\Home))
#5 C:\xampp\htdocs\marce2\system\CodeIgniter.php(326): CodeIgniter\CodeIgniter->handleRequest(NULL, Object(Config\Cache), false)
#6 C:\xampp\htdocs\marce2\index.php(37): CodeIgniter\CodeIgniter->run()
#7 {main}
CRITICAL - 2022-04-08 14:44:39 --> Invalid file: marce07.php
#0 C:\xampp\htdocs\marce2\system\View\View.php(198): CodeIgniter\Exceptions\FrameworkException::forInvalidFile('marce07.php')
#1 C:\xampp\htdocs\marce2\system\Common.php(1089): CodeIgniter\View\View->render('marce07', Array, true)
#2 C:\xampp\htdocs\marce2\app\Controllers\Home.php(10): view('marce07', Array)
#3 C:\xampp\htdocs\marce2\system\CodeIgniter.php(832): App\Controllers\Home->index()
#4 C:\xampp\htdocs\marce2\system\CodeIgniter.php(419): CodeIgniter\CodeIgniter->runController(Object(App\Controllers\Home))
#5 C:\xampp\htdocs\marce2\system\CodeIgniter.php(326): CodeIgniter\CodeIgniter->handleRequest(NULL, Object(Config\Cache), false)
#6 C:\xampp\htdocs\marce2\index.php(37): CodeIgniter\CodeIgniter->run()
#7 {main}
CRITICAL - 2022-04-08 20:55:14 --> Invalid file: principal.php
#0 C:\xampp\htdocs\marce2\system\View\View.php(198): CodeIgniter\Exceptions\FrameworkException::forInvalidFile('principal.php')
#1 C:\xampp\htdocs\marce2\system\Common.php(1089): CodeIgniter\View\View->render('principal', Array, true)
#2 C:\xampp\htdocs\marce2\app\Controllers\Home.php(10): view('principal')
#3 C:\xampp\htdocs\marce2\system\CodeIgniter.php(832): App\Controllers\Home->index()
#4 C:\xampp\htdocs\marce2\system\CodeIgniter.php(419): CodeIgniter\CodeIgniter->runController(Object(App\Controllers\Home))
#5 C:\xampp\htdocs\marce2\system\CodeIgniter.php(326): CodeIgniter\CodeIgniter->handleRequest(NULL, Object(Config\Cache), false)
#6 C:\xampp\htdocs\marce2\index.php(37): CodeIgniter\CodeIgniter->run()
#7 {main}
