CRITICAL - 2024-05-22 07:42:29 --> Invalid file: front/sesion.php
#0 C:\xampp\htdocs\proyec1\system\View\View.php(198): CodeIgniter\Exceptions\FrameworkException::forInvalidFile('front/sesion.ph...')
#1 C:\xampp\htdocs\proyec1\system\Common.php(1089): CodeIgniter\View\View->render('front/sesion', Array, true)
#2 C:\xampp\htdocs\proyec1\app\Controllers\Home.php(71): view('front/sesion')
#3 C:\xampp\htdocs\proyec1\system\CodeIgniter.php(832): App\Controllers\Home->sesion()
#4 C:\xampp\htdocs\proyec1\system\CodeIgniter.php(419): CodeIgniter\CodeIgniter->runController(Object(App\Controllers\Home))
#5 C:\xampp\htdocs\proyec1\system\CodeIgniter.php(326): CodeIgniter\CodeIgniter->handleRequest(NULL, Object(Config\Cache), false)
#6 C:\xampp\htdocs\proyec1\index.php(37): CodeIgniter\CodeIgniter->run()
#7 {main}
CRITICAL - 2024-05-22 08:37:52 --> Invalid file: front/sesion.php
#0 C:\xampp\htdocs\proyec1\system\View\View.php(198): CodeIgniter\Exceptions\FrameworkException::forInvalidFile('front/sesion.ph...')
#1 C:\xampp\htdocs\proyec1\system\Common.php(1089): CodeIgniter\View\View->render('front/sesion', Array, true)
#2 C:\xampp\htdocs\proyec1\app\Controllers\Home.php(71): view('front/sesion')
#3 C:\xampp\htdocs\proyec1\system\CodeIgniter.php(832): App\Controllers\Home->sesion()
#4 C:\xampp\htdocs\proyec1\system\CodeIgniter.php(419): CodeIgniter\CodeIgniter->runController(Object(App\Controllers\Home))
#5 C:\xampp\htdocs\proyec1\system\CodeIgniter.php(326): CodeIgniter\CodeIgniter->handleRequest(NULL, Object(Config\Cache), false)
#6 C:\xampp\htdocs\proyec1\index.php(37): CodeIgniter\CodeIgniter->run()
#7 {main}
CRITICAL - 2024-05-22 14:36:52 --> Invalid file: front/sesion.php
#0 C:\xampp\htdocs\proyec1\system\View\View.php(198): CodeIgniter\Exceptions\FrameworkException::forInvalidFile('front/sesion.ph...')
#1 C:\xampp\htdocs\proyec1\system\Common.php(1089): CodeIgniter\View\View->render('front/sesion', Array, true)
#2 C:\xampp\htdocs\proyec1\app\Controllers\Home.php(71): view('front/sesion')
#3 C:\xampp\htdocs\proyec1\system\CodeIgniter.php(832): App\Controllers\Home->sesion()
#4 C:\xampp\htdocs\proyec1\system\CodeIgniter.php(419): CodeIgniter\CodeIgniter->runController(Object(App\Controllers\Home))
#5 C:\xampp\htdocs\proyec1\system\CodeIgniter.php(326): CodeIgniter\CodeIgniter->handleRequest(NULL, Object(Config\Cache), false)
#6 C:\xampp\htdocs\proyec1\index.php(37): CodeIgniter\CodeIgniter->run()
#7 {main}
CRITICAL - 2024-05-22 14:36:56 --> Invalid file: front/sesion.php
#0 C:\xampp\htdocs\proyec1\system\View\View.php(198): CodeIgniter\Exceptions\FrameworkException::forInvalidFile('front/sesion.ph...')
#1 C:\xampp\htdocs\proyec1\system\Common.php(1089): CodeIgniter\View\View->render('front/sesion', Array, true)
#2 C:\xampp\htdocs\proyec1\app\Controllers\Home.php(71): view('front/sesion')
#3 C:\xampp\htdocs\proyec1\system\CodeIgniter.php(832): App\Controllers\Home->sesion()
#4 C:\xampp\htdocs\proyec1\system\CodeIgniter.php(419): CodeIgniter\CodeIgniter->runController(Object(App\Controllers\Home))
#5 C:\xampp\htdocs\proyec1\system\CodeIgniter.php(326): CodeIgniter\CodeIgniter->handleRequest(NULL, Object(Config\Cache), false)
#6 C:\xampp\htdocs\proyec1\index.php(37): CodeIgniter\CodeIgniter->run()
#7 {main}
CRITICAL - 2024-05-22 14:36:59 --> Invalid file: front/sesion.php
#0 C:\xampp\htdocs\proyec1\system\View\View.php(198): CodeIgniter\Exceptions\FrameworkException::forInvalidFile('front/sesion.ph...')
#1 C:\xampp\htdocs\proyec1\system\Common.php(1089): CodeIgniter\View\View->render('front/sesion', Array, true)
#2 C:\xampp\htdocs\proyec1\app\Controllers\Home.php(71): view('front/sesion')
#3 C:\xampp\htdocs\proyec1\system\CodeIgniter.php(832): App\Controllers\Home->sesion()
#4 C:\xampp\htdocs\proyec1\system\CodeIgniter.php(419): CodeIgniter\CodeIgniter->runController(Object(App\Controllers\Home))
#5 C:\xampp\htdocs\proyec1\system\CodeIgniter.php(326): CodeIgniter\CodeIgniter->handleRequest(NULL, Object(Config\Cache), false)
#6 C:\xampp\htdocs\proyec1\index.php(37): CodeIgniter\CodeIgniter->run()
#7 {main}
CRITICAL - 2024-05-22 14:38:16 --> Invalid file: front/sesion.php
#0 C:\xampp\htdocs\proyec1\system\View\View.php(198): CodeIgniter\Exceptions\FrameworkException::forInvalidFile('front/sesion.ph...')
#1 C:\xampp\htdocs\proyec1\system\Common.php(1089): CodeIgniter\View\View->render('front/sesion', Array, true)
#2 C:\xampp\htdocs\proyec1\app\Controllers\Home.php(71): view('front/sesion')
#3 C:\xampp\htdocs\proyec1\system\CodeIgniter.php(832): App\Controllers\Home->sesion()
#4 C:\xampp\htdocs\proyec1\system\CodeIgniter.php(419): CodeIgniter\CodeIgniter->runController(Object(App\Controllers\Home))
#5 C:\xampp\htdocs\proyec1\system\CodeIgniter.php(326): CodeIgniter\CodeIgniter->handleRequest(NULL, Object(Config\Cache), false)
#6 C:\xampp\htdocs\proyec1\index.php(37): CodeIgniter\CodeIgniter->run()
#7 {main}
CRITICAL - 2024-05-22 14:38:22 --> Invalid file: front/head_view.php
#0 C:\xampp\htdocs\proyec1\system\View\View.php(198): CodeIgniter\Exceptions\FrameworkException::forInvalidFile('front/head_view...')
#1 C:\xampp\htdocs\proyec1\system\Common.php(1089): CodeIgniter\View\View->render('front/head_view', Array, true)
#2 C:\xampp\htdocs\proyec1\app\Controllers\login_controller.php(13): view('front/head_view', Array)
#3 C:\xampp\htdocs\proyec1\system\CodeIgniter.php(832): App\Controllers\login_controller->index()
#4 C:\xampp\htdocs\proyec1\system\CodeIgniter.php(419): CodeIgniter\CodeIgniter->runController(Object(App\Controllers\login_controller))
#5 C:\xampp\htdocs\proyec1\system\CodeIgniter.php(326): CodeIgniter\CodeIgniter->handleRequest(NULL, Object(Config\Cache), false)
#6 C:\xampp\htdocs\proyec1\index.php(37): CodeIgniter\CodeIgniter->run()
#7 {main}
CRITICAL - 2024-05-22 14:38:29 --> Invalid file: front/head_view.php
#0 C:\xampp\htdocs\proyec1\system\View\View.php(198): CodeIgniter\Exceptions\FrameworkException::forInvalidFile('front/head_view...')
#1 C:\xampp\htdocs\proyec1\system\Common.php(1089): CodeIgniter\View\View->render('front/head_view', Array, true)
#2 C:\xampp\htdocs\proyec1\app\Controllers\login_controller.php(13): view('front/head_view', Array)
#3 C:\xampp\htdocs\proyec1\system\CodeIgniter.php(832): App\Controllers\login_controller->index()
#4 C:\xampp\htdocs\proyec1\system\CodeIgniter.php(419): CodeIgniter\CodeIgniter->runController(Object(App\Controllers\login_controller))
#5 C:\xampp\htdocs\proyec1\system\CodeIgniter.php(326): CodeIgniter\CodeIgniter->handleRequest(NULL, Object(Config\Cache), false)
#6 C:\xampp\htdocs\proyec1\index.php(37): CodeIgniter\CodeIgniter->run()
#7 {main}
CRITICAL - 2024-05-22 14:39:12 --> Invalid file: front/head_view.php
#0 C:\xampp\htdocs\proyec1\system\View\View.php(198): CodeIgniter\Exceptions\FrameworkException::forInvalidFile('front/head_view...')
#1 C:\xampp\htdocs\proyec1\system\Common.php(1089): CodeIgniter\View\View->render('front/head_view', Array, true)
#2 C:\xampp\htdocs\proyec1\app\Controllers\login_controller.php(13): view('front/head_view', Array)
#3 C:\xampp\htdocs\proyec1\system\CodeIgniter.php(832): App\Controllers\login_controller->index()
#4 C:\xampp\htdocs\proyec1\system\CodeIgniter.php(419): CodeIgniter\CodeIgniter->runController(Object(App\Controllers\login_controller))
#5 C:\xampp\htdocs\proyec1\system\CodeIgniter.php(326): CodeIgniter\CodeIgniter->handleRequest(NULL, Object(Config\Cache), false)
#6 C:\xampp\htdocs\proyec1\index.php(37): CodeIgniter\CodeIgniter->run()
#7 {main}
CRITICAL - 2024-05-22 14:48:23 --> Undefined index: perfil_id
#0 C:\xampp\htdocs\proyec1\app\Controllers\login_controller.php(46): CodeIgniter\Debug\Exceptions->errorHandler(8, 'Undefined index...', 'C:\\xampp\\htdocs...', 46, Array)
#1 C:\xampp\htdocs\proyec1\system\CodeIgniter.php(832): App\Controllers\login_controller->auth()
#2 C:\xampp\htdocs\proyec1\system\CodeIgniter.php(419): CodeIgniter\CodeIgniter->runController(Object(App\Controllers\login_controller))
#3 C:\xampp\htdocs\proyec1\system\CodeIgniter.php(326): CodeIgniter\CodeIgniter->handleRequest(NULL, Object(Config\Cache), false)
#4 C:\xampp\htdocs\proyec1\index.php(37): CodeIgniter\CodeIgniter->run()
#5 {main}
