CRITICAL - 2022-04-24 15:54:06 --> Cannot redeclare App\Controllers\Home::index()
#0 [internal function]: CodeIgniter\Debug\Exceptions->shutdownHandler()
#1 {main}
CRITICAL - 2022-04-24 16:20:48 --> Cannot redeclare App\Controllers\Home::index()
#0 [internal function]: CodeIgniter\Debug\Exceptions->shutdownHandler()
#1 {main}
CRITICAL - 2022-04-24 16:21:07 --> syntax error, unexpected '{', expecting function (T_FUNCTION) or const (T_CONST)
#0 C:\xampp\htdocs\marce2\system\Autoloader\Autoloader.php(241): CodeIgniter\Autoloader\Autoloader->includeFile('C:\\xampp\\htdocs...')
#1 C:\xampp\htdocs\marce2\system\Autoloader\Autoloader.php(219): CodeIgniter\Autoloader\Autoloader->loadInNamespace('App\\Controllers...')
#2 [internal function]: CodeIgniter\Autoloader\Autoloader->loadClass('App\\Controllers...')
#3 [internal function]: spl_autoload_call('App\\Controllers...')
#4 C:\xampp\htdocs\marce2\system\CodeIgniter.php(797): class_exists('\\App\\Controller...', true)
#5 C:\xampp\htdocs\marce2\system\CodeIgniter.php(406): CodeIgniter\CodeIgniter->startController()
#6 C:\xampp\htdocs\marce2\system\CodeIgniter.php(326): CodeIgniter\CodeIgniter->handleRequest(NULL, Object(Config\Cache), false)
#7 C:\xampp\htdocs\marce2\index.php(37): CodeIgniter\CodeIgniter->run()
#8 {main}
CRITICAL - 2022-04-24 16:51:59 --> Invalid file: front/navbar.php
#0 C:\xampp\htdocs\marce2\system\View\View.php(198): CodeIgniter\Exceptions\FrameworkException::forInvalidFile('front/navbar.ph...')
#1 C:\xampp\htdocs\marce2\system\Common.php(1089): CodeIgniter\View\View->render('front/navbar', Array, true)
#2 C:\xampp\htdocs\marce2\app\Controllers\Home.php(28): view('front/navbar')
#3 C:\xampp\htdocs\marce2\system\CodeIgniter.php(832): App\Controllers\Home->quienessomos()
#4 C:\xampp\htdocs\marce2\system\CodeIgniter.php(419): CodeIgniter\CodeIgniter->runController(Object(App\Controllers\Home))
#5 C:\xampp\htdocs\marce2\system\CodeIgniter.php(326): CodeIgniter\CodeIgniter->handleRequest(NULL, Object(Config\Cache), false)
#6 C:\xampp\htdocs\marce2\index.php(37): CodeIgniter\CodeIgniter->run()
#7 {main}
CRITICAL - 2022-04-24 16:53:08 --> Invalid file: front/quienes.php
#0 C:\xampp\htdocs\marce2\system\View\View.php(198): CodeIgniter\Exceptions\FrameworkException::forInvalidFile('front/quienes.p...')
#1 C:\xampp\htdocs\marce2\system\Common.php(1089): CodeIgniter\View\View->render('front/quienes', Array, true)
#2 C:\xampp\htdocs\marce2\app\Controllers\Home.php(29): view('front/quienes')
#3 C:\xampp\htdocs\marce2\system\CodeIgniter.php(832): App\Controllers\Home->quienessomos()
#4 C:\xampp\htdocs\marce2\system\CodeIgniter.php(419): CodeIgniter\CodeIgniter->runController(Object(App\Controllers\Home))
#5 C:\xampp\htdocs\marce2\system\CodeIgniter.php(326): CodeIgniter\CodeIgniter->handleRequest(NULL, Object(Config\Cache), false)
#6 C:\xampp\htdocs\marce2\index.php(37): CodeIgniter\CodeIgniter->run()
#7 {main}
CRITICAL - 2022-04-24 16:56:21 --> Invalid file: front/quienes.php
#0 C:\xampp\htdocs\marce2\system\View\View.php(198): CodeIgniter\Exceptions\FrameworkException::forInvalidFile('front/quienes.p...')
#1 C:\xampp\htdocs\marce2\system\Common.php(1089): CodeIgniter\View\View->render('front/quienes', Array, true)
#2 C:\xampp\htdocs\marce2\app\Controllers\Home.php(22): view('front/quienes')
#3 C:\xampp\htdocs\marce2\system\CodeIgniter.php(832): App\Controllers\Home->quienessomos()
#4 C:\xampp\htdocs\marce2\system\CodeIgniter.php(419): CodeIgniter\CodeIgniter->runController(Object(App\Controllers\Home))
#5 C:\xampp\htdocs\marce2\system\CodeIgniter.php(326): CodeIgniter\CodeIgniter->handleRequest(NULL, Object(Config\Cache), false)
#6 C:\xampp\htdocs\marce2\index.php(37): CodeIgniter\CodeIgniter->run()
#7 {main}
CRITICAL - 2022-04-24 16:56:31 --> Invalid file: front/quienes.php
#0 C:\xampp\htdocs\marce2\system\View\View.php(198): CodeIgniter\Exceptions\FrameworkException::forInvalidFile('front/quienes.p...')
#1 C:\xampp\htdocs\marce2\system\Common.php(1089): CodeIgniter\View\View->render('front/quienes', Array, true)
#2 C:\xampp\htdocs\marce2\app\Controllers\Home.php(22): view('front/quienes')
#3 C:\xampp\htdocs\marce2\system\CodeIgniter.php(832): App\Controllers\Home->quienessomos()
#4 C:\xampp\htdocs\marce2\system\CodeIgniter.php(419): CodeIgniter\CodeIgniter->runController(Object(App\Controllers\Home))
#5 C:\xampp\htdocs\marce2\system\CodeIgniter.php(326): CodeIgniter\CodeIgniter->handleRequest(NULL, Object(Config\Cache), false)
#6 C:\xampp\htdocs\marce2\index.php(37): CodeIgniter\CodeIgniter->run()
#7 {main}
CRITICAL - 2022-04-24 16:57:34 --> Invalid file: front/quienes.php
#0 C:\xampp\htdocs\marce2\system\View\View.php(198): CodeIgniter\Exceptions\FrameworkException::forInvalidFile('front/quienes.p...')
#1 C:\xampp\htdocs\marce2\system\Common.php(1089): CodeIgniter\View\View->render('front/quienes', Array, true)
#2 C:\xampp\htdocs\marce2\app\Controllers\Home.php(22): view('front/quienes')
#3 C:\xampp\htdocs\marce2\system\CodeIgniter.php(832): App\Controllers\Home->quienessomos()
#4 C:\xampp\htdocs\marce2\system\CodeIgniter.php(419): CodeIgniter\CodeIgniter->runController(Object(App\Controllers\Home))
#5 C:\xampp\htdocs\marce2\system\CodeIgniter.php(326): CodeIgniter\CodeIgniter->handleRequest(NULL, Object(Config\Cache), false)
#6 C:\xampp\htdocs\marce2\index.php(37): CodeIgniter\CodeIgniter->run()
#7 {main}
CRITICAL - 2022-04-24 18:56:01 --> syntax error, unexpected 'echo' (T_ECHO), expecting ';' or ','
#0 C:\xampp\htdocs\marce2\system\Autoloader\Autoloader.php(241): CodeIgniter\Autoloader\Autoloader->includeFile('C:\\xampp\\htdocs...')
#1 C:\xampp\htdocs\marce2\system\Autoloader\Autoloader.php(219): CodeIgniter\Autoloader\Autoloader->loadInNamespace('App\\Controllers...')
#2 [internal function]: CodeIgniter\Autoloader\Autoloader->loadClass('App\\Controllers...')
#3 [internal function]: spl_autoload_call('App\\Controllers...')
#4 C:\xampp\htdocs\marce2\system\CodeIgniter.php(797): class_exists('\\App\\Controller...', true)
#5 C:\xampp\htdocs\marce2\system\CodeIgniter.php(406): CodeIgniter\CodeIgniter->startController()
#6 C:\xampp\htdocs\marce2\system\CodeIgniter.php(326): CodeIgniter\CodeIgniter->handleRequest(NULL, Object(Config\Cache), false)
#7 C:\xampp\htdocs\marce2\index.php(37): CodeIgniter\CodeIgniter->run()
#8 {main}
CRITICAL - 2022-04-24 18:56:34 --> syntax error, unexpected 'echo' (T_ECHO), expecting ';' or ','
#0 C:\xampp\htdocs\marce2\system\Autoloader\Autoloader.php(241): CodeIgniter\Autoloader\Autoloader->includeFile('C:\\xampp\\htdocs...')
#1 C:\xampp\htdocs\marce2\system\Autoloader\Autoloader.php(219): CodeIgniter\Autoloader\Autoloader->loadInNamespace('App\\Controllers...')
#2 [internal function]: CodeIgniter\Autoloader\Autoloader->loadClass('App\\Controllers...')
#3 [internal function]: spl_autoload_call('App\\Controllers...')
#4 C:\xampp\htdocs\marce2\system\CodeIgniter.php(797): class_exists('\\App\\Controller...', true)
#5 C:\xampp\htdocs\marce2\system\CodeIgniter.php(406): CodeIgniter\CodeIgniter->startController()
#6 C:\xampp\htdocs\marce2\system\CodeIgniter.php(326): CodeIgniter\CodeIgniter->handleRequest(NULL, Object(Config\Cache), false)
#7 C:\xampp\htdocs\marce2\index.php(37): CodeIgniter\CodeIgniter->run()
#8 {main}
